(THU.CST) os is loading ...

Special kernel symbols:
  entry  0xc010002a (phys)
  etext  0xc0105b71 (phys)
  edata  0xc0117a36 (phys)
  end    0xc0118968 (phys)
Kernel executable memory footprint: 99KB
memory management: default_pmm_manager
e820map:
  memory: 0009fc00, [00000000, 0009fbff], type = 1.
  memory: 00000400, [0009fc00, 0009ffff], type = 2.
  memory: 00010000, [000f0000, 000fffff], type = 2.
  memory: 07efe000, [00100000, 07ffdfff], type = 1.
  memory: 00002000, [07ffe000, 07ffffff], type = 2.
  memory: 00040000, [fffc0000, ffffffff], type = 2.
check_alloc_page() succeeded!
kernel panic at kern/mm/pmm.c:499:
    assertion failed: get_pte(boot_pgdir, PGSIZE, 0) == ptep
Welcome to the kernel debug monitor!!
Type 'help' for a list of commands.
K> 